build/app/intermediates/manifest_merge_blame_file/debug/manifest-merger-blame-debug-report.txt
1<?xml version="1.0" encoding="utf-8"?>
2<manifest xmlns:android="http://schemas.android.com/apk/res/android"
3    package="com.elstudio.Pajaku"
4    android:versionCode="11"
5    android:versionName="1.1.0" >
6
7    <uses-sdk
8        android:minSdkVersion="21"
9        android:targetSdkVersion="29" />
10    <!--
11         Flutter needs it to communicate with the running application
12         to allow setting breakpoints, to provide hot reload, etc.
13    -->
14    <uses-permission android:name="android.permission.INTERNET" />
14-->src\main\AndroidManifest.xml:8:5-66
14-->src\main\AndroidManifest.xml:8:22-64
15    <uses-permission android:name="android.permission.CAMERA" />
15-->src\main\AndroidManifest.xml:9:5-65
15-->src\main\AndroidManifest.xml:9:22-62
16    <uses-permission android:name="android.permission.FLASHLIGHT" />
16-->src\main\AndroidManifest.xml:10:5-69
16-->src\main\AndroidManifest.xml:10:22-66
17    <uses-permission android:name="android.permission.WRITE_EXTERNAL_STORAGE" />
17-->src\main\AndroidManifest.xml:11:5-81
17-->src\main\AndroidManifest.xml:11:22-78
18    <uses-permission android:name="android.permission.READ_EXTERNAL_STORAGE" />
18-->src\main\AndroidManifest.xml:12:5-80
18-->src\main\AndroidManifest.xml:12:22-77
19    <uses-permission android:name="android.permission.REQUEST_INSTALL_PACKAGES" />
19-->[:open_file] AndroidManifest.xml:8:5-83
19-->[:open_file] AndroidManifest.xml:8:22-80
20    <uses-permission android:name="android.permission.ACCESS_NETWORK_STATE" />
20-->[com.google.android.exoplayer:exoplayer-core:2.9.6] AndroidManifest.xml:24:5-79
20-->[com.google.android.exoplayer:exoplayer-core:2.9.6] AndroidManifest.xml:24:22-76
21
22    <application
22-->src\main\AndroidManifest.xml:13:5-51:19
23        android:name="io.flutter.app.FlutterApplication"
23-->src\main\AndroidManifest.xml:14:9-57
24        android:appComponentFactory="androidx.core.app.CoreComponentFactory"
24-->[androidx.core:core:1.1.0] AndroidManifest.xml:24:18-86
25        android:debuggable="true"
26        android:icon="@mipmap/launcher_icon"
26-->src\main\AndroidManifest.xml:16:9-45
27        android:label="EnforceA" >
27-->src\main\AndroidManifest.xml:15:9-33
28        <activity
28-->src\main\AndroidManifest.xml:17:9-45:20
29            android:name="com.example.Pajaku.MainActivity"
29-->src\main\AndroidManifest.xml:18:13-41
30            android:configChanges="orientation|keyboardHidden|keyboard|screenSize|smallestScreenSize|locale|layoutDirection|fontScale|screenLayout|density|uiMode"
30-->src\main\AndroidManifest.xml:21:13-163
31            android:hardwareAccelerated="true"
31-->src\main\AndroidManifest.xml:22:13-47
32            android:launchMode="singleTop"
32-->src\main\AndroidManifest.xml:19:13-43
33            android:theme="@style/LaunchTheme"
33-->src\main\AndroidManifest.xml:20:13-47
34            android:windowSoftInputMode="adjustResize" >
34-->src\main\AndroidManifest.xml:23:13-55
35
36            <!--
37                 Specifies an Android theme to apply to this Activity as soon as
38                 the Android process has started. This theme is visible to the user
39                 while the Flutter UI initializes. After that, this theme continues
40                 to determine the Window background behind the Flutter UI.
41            -->
42            <meta-data
42-->src\main\AndroidManifest.xml:28:13-31:17
43                android:name="io.flutter.embedding.android.NormalTheme"
43-->src\main\AndroidManifest.xml:29:15-70
44                android:resource="@style/NormalTheme" />
44-->src\main\AndroidManifest.xml:30:15-52
45            <!--
46                 Displays an Android View that continues showing the launch screen
47                 Drawable until Flutter paints its first frame, then this splash
48                 screen fades out. A splash screen is useful to avoid any visual
49                 gap between the end of Android's launch screen and the painting of
50                 Flutter's first frame.
51            -->
52            <meta-data
52-->src\main\AndroidManifest.xml:37:13-40:17
53                android:name="io.flutter.embedding.android.SplashScreenDrawable"
53-->src\main\AndroidManifest.xml:38:15-79
54                android:resource="@drawable/launch_background" />
54-->src\main\AndroidManifest.xml:39:15-61
55
56            <intent-filter>
56-->src\main\AndroidManifest.xml:41:13-44:29
57                <action android:name="android.intent.action.MAIN" />
57-->src\main\AndroidManifest.xml:42:17-68
57-->src\main\AndroidManifest.xml:42:25-66
58
59                <category android:name="android.intent.category.LAUNCHER" />
59-->src\main\AndroidManifest.xml:43:17-76
59-->src\main\AndroidManifest.xml:43:27-74
60            </intent-filter>
61        </activity>
62        <!--
63             Don't delete the meta-data below.
64             This is used by the Flutter tool to generate GeneratedPluginRegistrant.java
65        -->
66        <meta-data
66-->src\main\AndroidManifest.xml:48:9-50:33
67            android:name="flutterEmbedding"
67-->src\main\AndroidManifest.xml:49:13-44
68            android:value="2" />
68-->src\main\AndroidManifest.xml:50:13-30
69
70        <provider
70-->[:image_picker] AndroidManifest.xml:11:9-19:20
71            android:name="io.flutter.plugins.imagepicker.ImagePickerFileProvider"
71-->[:image_picker] AndroidManifest.xml:12:13-82
72            android:authorities="com.elstudio.Pajaku.flutter.image_provider"
72-->[:image_picker] AndroidManifest.xml:13:13-74
73            android:exported="false"
73-->[:image_picker] AndroidManifest.xml:14:13-37
74            android:grantUriPermissions="true" >
74-->[:image_picker] AndroidManifest.xml:15:13-47
75            <meta-data
75-->[:image_picker] AndroidManifest.xml:16:13-18:75
76                android:name="android.support.FILE_PROVIDER_PATHS"
76-->[:image_picker] AndroidManifest.xml:17:17-67
77                android:resource="@xml/flutter_image_picker_file_paths" />
77-->[:image_picker] AndroidManifest.xml:18:17-72
78        </provider>
79
80        <activity
80-->[:flutter_inappwebview] AndroidManifest.xml:8:9-11:47
81            android:name="com.pichillilorenzo.flutter_inappwebview.InAppBrowser.InAppBrowserActivity"
81-->[:flutter_inappwebview] AndroidManifest.xml:9:13-102
82            android:configChanges="orientation|screenSize"
82-->[:flutter_inappwebview] AndroidManifest.xml:10:13-59
83            android:theme="@style/AppTheme" />
83-->[:flutter_inappwebview] AndroidManifest.xml:11:13-44
84        <activity
84-->[:flutter_inappwebview] AndroidManifest.xml:12:9-15:55
85            android:name="com.pichillilorenzo.flutter_inappwebview.ChromeCustomTabs.ChromeCustomTabsActivity"
85-->[:flutter_inappwebview] AndroidManifest.xml:13:13-110
86            android:configChanges="orientation|screenSize"
86-->[:flutter_inappwebview] AndroidManifest.xml:14:13-59
87            android:theme="@style/ThemeTransparent" />
87-->[:flutter_inappwebview] AndroidManifest.xml:15:13-52
88
89        <receiver android:name="com.pichillilorenzo.flutter_inappwebview.ChromeCustomTabs.ActionBroadcastReceiver" />
89-->[:flutter_inappwebview] AndroidManifest.xml:17:9-118
89-->[:flutter_inappwebview] AndroidManifest.xml:17:19-115
90
91        <provider
91-->[:open_file] AndroidManifest.xml:12:9-21:20
92            android:name="androidx.core.content.FileProvider"
92-->[:open_file] AndroidManifest.xml:13:13-62
93            android:authorities="com.elstudio.Pajaku.fileProvider"
93-->[:open_file] AndroidManifest.xml:14:13-64
94            android:exported="false"
94-->[:open_file] AndroidManifest.xml:15:13-37
95            android:grantUriPermissions="true" >
95-->[:open_file] AndroidManifest.xml:16:13-47
96            <meta-data
96-->[:image_picker] AndroidManifest.xml:16:13-18:75
97                android:name="android.support.FILE_PROVIDER_PATHS"
97-->[:image_picker] AndroidManifest.xml:17:17-67
98                android:resource="@xml/filepaths" />
98-->[:image_picker] AndroidManifest.xml:18:17-72
99        </provider>
100
101        <activity
101-->[:url_launcher] AndroidManifest.xml:8:9-11:74
102            android:name="io.flutter.plugins.urllauncher.WebViewActivity"
102-->[:url_launcher] AndroidManifest.xml:9:13-74
103            android:exported="false"
103-->[:url_launcher] AndroidManifest.xml:10:13-37
104            android:theme="@android:style/Theme.NoTitleBar.Fullscreen" />
104-->[:url_launcher] AndroidManifest.xml:11:13-71
105    </application>
106
107</manifest>